<?xml version="1.0" encoding="UTF-8"?>
<!-- Generated by org.testng.reporters.JUnitXMLReporter -->
<testsuite hostname="Tanim" name="Test" tests="4" failures="0" timestamp="25 Apr 2020 23:45:55 GMT" time="216.884" errors="0">
  <testcase name="basepagenavigation" time="51.254" classname="AmericanAirlines.AAmerican.qaclickacademy"/>
  <testcase name="basepagenavigation" time="60.774" classname="AmericanAirlines.AAmerican.qaclickacademy"/>
  <testcase name="basepagenavigation" time="70.608" classname="AmericanAirlines.AAmerican.HomePage"/>
  <testcase name="searchhotel" time="34.217" classname="AmericanAirlines.AAmerican.hotelsearch"/>
</testsuite> <!-- Test -->
