<?xml version="1.0" encoding="UTF-8"?>
<!-- Generated by org.testng.reporters.JUnitXMLReporter -->
<testsuite hostname="Tanim" name="Test" tests="4" failures="0" timestamp="28 Apr 2020 00:00:04 GMT" time="167.327" errors="0">
  <testcase name="basepagenavigation" time="46.687" classname="AmericanAirlines.AAmerican.qaclickacademy"/>
  <testcase name="basepagenavigation" time="36.934" classname="AmericanAirlines.AAmerican.qaclickacademy"/>
  <testcase name="basepagenavigation" time="57.667" classname="AmericanAirlines.AAmerican.HomePage"/>
  <testcase name="searchhotel" time="25.995" classname="AmericanAirlines.AAmerican.hotelsearch"/>
</testsuite> <!-- Test -->
